0 info it worked if it ends with ok
1 verbose cli [ '/opt/local/bin/node', '/opt/local/bin/npm', 'run', 'watch' ]
2 info using npm@3.10.10
3 info using node@v4.4.7
4 verbose run-script [ 'prewatch', 'watch', 'postwatch' ]
5 info lifecycle angularjs-typescript@0.1.0~prewatch: angularjs-typescript@0.1.0
6 silly lifecycle angularjs-typescript@0.1.0~prewatch: no script for prewatch, continuing
7 info lifecycle angularjs-typescript@0.1.0~watch: angularjs-typescript@0.1.0
8 verbose lifecycle angularjs-typescript@0.1.0~watch: unsafe-perm in lifecycle true
9 verbose lifecycle angularjs-typescript@0.1.0~watch: PATH: /opt/local/lib/node_modules/npm/bin/node-gyp-bin:/Users/mreinhardt/Documents/Programmierung/repositories/git/job/holisticon/angularjs-typescript/node_modules/.bin:/opt/local/bin:/opt/local/sbin:/usr/local/bin:/usr/bin:/bin:/usr/sbin:/sbin:/opt/X11/bin:/usr/local/MacGPG2/bin:/sw/bin:/sw/sbin:/opt/local/bin:/opt/local/sbin:/opt/local/bin:/opt/local/sbin:/opt/local/bin:/opt/local/sbin:/opt/subversion/bin:/opt/local/bin:/opt/local/sbin:/opt/local/bin:/opt/local/sbin:/usr/local/bin:/usr/bin:/bin:/usr/sbin:/sbin:/usr/local/MacGPG2/bin:/Users/mreinhardt/Documents/Arbeit/Projects/008-Curam/tools/apache-ant-1.8.2:/usr/local/mysql/bin/:/opt/gradle/current/bin:/opt/local/share/java/gradle/bin:/opt/ADT_sdk/platform-tools:/opt/ADT_sdk/tools:/opt/powerline/scripts/:/usr/local/share/python:/opt/local/bin:/opt/local/sbin:/opt/local/bin:/opt/local/sbin:/opt/local/bin:/opt/local/sbin:/opt/subversion/bin:/opt/local/bin:/opt/local/sbin:/opt/local/bin:/opt/local/sbin:/usr/local/bin:/usr/bin:/bin:/usr/sbin:/sbin:/usr/local/MacGPG2/bin:/Users/mreinhardt/Documents/Arbeit/Projects/008-Curam/tools/apache-ant-1.8.2:/usr/local/mysql/bin/:/opt/gradle/current/bin:/opt/local/share/java/gradle/bin:/opt/ADT_sdk/platform-tools:/opt/ADT_sdk/tools:/opt/powerline/scripts/:/usr/local/share/python:/opt/chef/bin/:/opt/chefdk/bin/::/usr/local/mysql/bin/:/Users/mreinhardt/.gems/bin
10 verbose lifecycle angularjs-typescript@0.1.0~watch: CWD: /Users/mreinhardt/Documents/Programmierung/repositories/git/job/holisticon/angularjs-typescript
11 silly lifecycle angularjs-typescript@0.1.0~watch: Args: [ '-c',
11 silly lifecycle   'cross-env NODE_ENV=development webpack-dev-server --hot --port 3000 ' ]
12 silly lifecycle angularjs-typescript@0.1.0~watch: Returned: code: 1  signal: null
13 info lifecycle angularjs-typescript@0.1.0~watch: Failed to exec watch script
14 verbose stack Error: angularjs-typescript@0.1.0 watch: `cross-env NODE_ENV=development webpack-dev-server --hot --port 3000 `
14 verbose stack Exit status 1
14 verbose stack     at EventEmitter.<anonymous> (/opt/local/lib/node_modules/npm/lib/utils/lifecycle.js:255:16)
14 verbose stack     at emitTwo (events.js:87:13)
14 verbose stack     at EventEmitter.emit (events.js:172:7)
14 verbose stack     at ChildProcess.<anonymous> (/opt/local/lib/node_modules/npm/lib/utils/spawn.js:40:14)
14 verbose stack     at emitTwo (events.js:87:13)
14 verbose stack     at ChildProcess.emit (events.js:172:7)
14 verbose stack     at maybeClose (internal/child_process.js:827:16)
14 verbose stack     at Process.ChildProcess._handle.onexit (internal/child_process.js:211:5)
15 verbose pkgid angularjs-typescript@0.1.0
16 verbose cwd /Users/mreinhardt/Documents/Programmierung/repositories/git/job/holisticon/angularjs-typescript
17 error Darwin 16.1.0
18 error argv "/opt/local/bin/node" "/opt/local/bin/npm" "run" "watch"
19 error node v4.4.7
20 error npm  v3.10.10
21 error code ELIFECYCLE
22 error angularjs-typescript@0.1.0 watch: `cross-env NODE_ENV=development webpack-dev-server --hot --port 3000 `
22 error Exit status 1
23 error Failed at the angularjs-typescript@0.1.0 watch script 'cross-env NODE_ENV=development webpack-dev-server --hot --port 3000 '.
23 error Make sure you have the latest version of node.js and npm installed.
23 error If you do, this is most likely a problem with the angularjs-typescript package,
23 error not with npm itself.
23 error Tell the author that this fails on your system:
23 error     cross-env NODE_ENV=development webpack-dev-server --hot --port 3000
23 error You can get information on how to open an issue for this project with:
23 error     npm bugs angularjs-typescript
23 error Or if that isn't available, you can get their info via:
23 error     npm owner ls angularjs-typescript
23 error There is likely additional logging output above.
24 verbose exit [ 1, true ]
